[01m[K/home/ros/Code/src/ultrasonic_sensor/src/ultrasonic/src/ultrasonic_sensor_node.cpp:[m[K In member function â€˜[01m[Kvoid ultrasonic_sensor::ultrasonic::UltrasonicSensorNode::Run()[m[Kâ€™:
[01m[K/home/ros/Code/src/ultrasonic_sensor/src/ultrasonic/src/ultrasonic_sensor_node.cpp:75:5:[m[K [01;31m[Kerror: [m[Kexpected â€˜[01m[Kcatch[m[Kâ€™ before â€˜[01m[K}[m[Kâ€™ token
   75 |     [01;31m[K}[m[K
      |     [01;31m[K^[m[K
[01m[K/home/ros/Code/src/ultrasonic_sensor/src/ultrasonic/src/ultrasonic_sensor_node.cpp:75:5:[m[K [01;31m[Kerror: [m[Kexpected â€˜[01m[K([m[Kâ€™ before â€˜[01m[K}[m[Kâ€™ token
   75 |     [01;31m[K}[m[K
      |     [01;31m[K^[m[K
      |     [32m[K([m[K
[01m[K/home/ros/Code/src/ultrasonic_sensor/src/ultrasonic/src/ultrasonic_sensor_node.cpp:75:5:[m[K [01;31m[Kerror: [m[Kexpected type-specifier before â€˜[01m[K}[m[Kâ€™ token
[01m[K/home/ros/Code/src/ultrasonic_sensor/src/ultrasonic/src/ultrasonic_sensor_node.cpp:57:10:[m[K [01;31m[Kerror: [m[Kexpected â€˜[01m[K)[m[Kâ€™ before â€˜[01m[K}[m[Kâ€™ token
   57 |         }
      |          [01;31m[K^[m[K
      |          [32m[K)[m[K
......
   75 |     [32m[K}[m[K
      |     [32m[K~[m[K     
[01m[K/home/ros/Code/src/ultrasonic_sensor/src/ultrasonic/src/ultrasonic_sensor_node.cpp:75:5:[m[K [01;31m[Kerror: [m[Kexpected â€˜[01m[K{[m[Kâ€™ before â€˜[01m[K}[m[Kâ€™ token
   75 |     [01;31m[K}[m[K
      |     [01;31m[K^[m[K
make[2]: *** [CMakeFiles/ultrasonic_sensor_lib.dir/build.make:63ï¼šCMakeFiles/ultrasonic_sensor_lib.dir/src/ultrasonic/src/ultrasonic_sensor_node.cpp.o] é”™è¯¯ 1
make[1]: *** [CMakeFiles/Makefile2:972ï¼šCMakeFiles/ultrasonic_sensor_lib.dir/all] é”™è¯¯ 2
make: *** [Makefile:141ï¼šall] é”™è¯¯ 2
